@!@!@STARTMSG 2262:0 @!@!@
TLC2 Version 2.13 of 18 July 2018
@!@!@ENDMSG 2262 @!@!@
@!@!@STARTMSG 2187:0 @!@!@
Running breadth-first search Model-Checking with fp 96 and seed -917014770244695251 with 4 workers on 8 cores with 2428MB heap and 5460MB offheap memory (Mac OS X 10.14.2 x86_64, Oracle Corporation 1.8.0_191 x86_64).
@!@!@ENDMSG 2187 @!@!@
@!@!@STARTMSG 2220:0 @!@!@
Starting SANY...
@!@!@ENDMSG 2220 @!@!@
Parsing file /Users/jywellin/Desktop/tlaspec/RGAH.toolbox/Model_1/MC.tla
Parsing file /Users/jywellin/Desktop/tlaspec/RGAH.toolbox/Model_1/RGAH.tla
Parsing file /Applications/TLA+ Toolbox.app/Contents/Eclipse/plugins/org.lamport.tlatools_1.0.0.201811291744/tla2sany/StandardModules/TLC.tla
Parsing file /Users/jywellin/Desktop/tlaspec/RGAH.toolbox/Model_1/RGA.tla
Parsing file /Users/jywellin/Desktop/tlaspec/RGAH.toolbox/Model_1/SequenceUtils.tla
Parsing file /Applications/TLA+ Toolbox.app/Contents/Eclipse/plugins/org.lamport.tlatools_1.0.0.201811291744/tla2sany/StandardModules/Integers.tla
Parsing file /Applications/TLA+ Toolbox.app/Contents/Eclipse/plugins/org.lamport.tlatools_1.0.0.201811291744/tla2sany/StandardModules/Sequences.tla
Parsing file /Applications/TLA+ Toolbox.app/Contents/Eclipse/plugins/org.lamport.tlatools_1.0.0.201811291744/tla2sany/StandardModules/Naturals.tla
Parsing file /Users/jywellin/Desktop/tlaspec/RGAH.toolbox/Model_1/InsertTree.tla
Parsing file /Applications/TLA+ Toolbox.app/Contents/Eclipse/plugins/org.lamport.tlatools_1.0.0.201811291744/tla2sany/StandardModules/FiniteSets.tla
Parsing file /Users/jywellin/Desktop/tlaspec/RGAH.toolbox/Model_1/SetUtils.tla
Parsing file /Users/jywellin/Desktop/tlaspec/RGAH.toolbox/Model_1/FunctionUtils.tla
Parsing file /Users/jywellin/Desktop/tlaspec/RGAH.toolbox/Model_1/P2PComm.tla
Semantic processing of module Naturals
Semantic processing of module Integers
Semantic processing of module Sequences
Semantic processing of module FiniteSets
Semantic processing of module TLC
Semantic processing of module InsertTree
Semantic processing of module P2PComm
Semantic processing of module RGA
Semantic processing of module SetUtils
Semantic processing of module FunctionUtils
Semantic processing of module SequenceUtils
Semantic processing of module RGAH
Semantic processing of module MC
@!@!@STARTMSG 2219:0 @!@!@
SANY finished.
@!@!@ENDMSG 2219 @!@!@
@!@!@STARTMSG 2185:0 @!@!@
Starting... (2019-01-10 19:37:25)
@!@!@ENDMSG 2185 @!@!@
@!@!@STARTMSG 2140:3 @!@!@
The subscript of the next-state relation specified by the specification
does not seem to contain the state variable list
@!@!@ENDMSG 2140 @!@!@
@!@!@STARTMSG 2189:0 @!@!@
Computing initial states...
@!@!@ENDMSG 2189 @!@!@
@!@!@STARTMSG 2102:1 @!@!@
current state is not a legal state
While working on the initial state:
/\ chins = {a, b}
/\ rtomb_incoming = (r1 :> {} @@ r2 :> {})
/\ rinsbuf = (r1 :> {} @@ r2 :> {})
/\ tcurrent = 1
/\ rins_incoming = (r1 :> {} @@ r2 :> {})
/\ rtree = (r1 :> {} @@ r2 :> {})
/\ rtomb = (r1 :> {} @@ r2 :> {})
/\ list = null
/\ rtombbuf = (r1 :> {} @@ r2 :> {})

@!@!@ENDMSG 2102 @!@!@
@!@!@STARTMSG 2186:0 @!@!@
Finished in 990ms at (2019-01-10 19:37:26)
@!@!@ENDMSG 2186 @!@!@
